d:\c++\raytracing\raytracing\x64\release\vc140.pdb
d:\c++\raytracing\raytracing\x64\release\source.obj
d:\c++\raytracing\raytracing\x64\release\scene.obj
d:\c++\raytracing\raytracing\x64\release\raytracer.obj
d:\c++\raytracing\raytracing\x64\release\ray.obj
d:\c++\raytracing\raytracing\x64\release\material.obj
d:\c++\raytracing\raytracing\x64\release\light.obj
d:\c++\raytracing\raytracing\x64\release\color.obj
d:\c++\raytracing\raytracing\x64\release\canvas.obj
d:\c++\raytracing\raytracing\x64\release\sphere.obj
d:\c++\raytracing\raytracing\x64\release\result.obj
d:\c++\raytracing\raytracing\x64\release\primitive.obj
d:\c++\raytracing\raytracing\x64\release\plane.obj
d:\c++\raytracing\x64\release\raytracing.exe
d:\c++\raytracing\x64\release\raytracing.ipdb
d:\c++\raytracing\x64\release\raytracing.iobj
d:\c++\raytracing\x64\release\raytracing.pdb
d:\c++\raytracing\raytracing\x64\release\raytracing.tlog\cl.command.1.tlog
d:\c++\raytracing\raytracing\x64\release\raytracing.tlog\cl.read.1.tlog
d:\c++\raytracing\raytracing\x64\release\raytracing.tlog\cl.write.1.tlog
d:\c++\raytracing\raytracing\x64\release\raytracing.tlog\link.command.1.tlog
d:\c++\raytracing\raytracing\x64\release\raytracing.tlog\link.read.1.tlog
d:\c++\raytracing\raytracing\x64\release\raytracing.tlog\link.write.1.tlog
